0 info it worked if it ends with ok
1 verbose cli [ '/Users/Admin/.nvm/versions/node/v6.2.2/bin/node',
1 verbose cli   '/Users/Admin/.nvm/versions/node/v6.2.2/bin/npm',
1 verbose cli   'run',
1 verbose cli   'development' ]
2 info using npm@3.9.5
3 info using node@v6.2.2
4 verbose config Skipping project config: /Users/Admin/.npmrc. (matches userconfig)
5 verbose stack Error: ENOENT: no such file or directory, open '/Users/Admin/package.json'
5 verbose stack     at Error (native)
6 verbose cwd /Users/Admin/website2
7 error Darwin 16.0.0
8 error argv "/Users/Admin/.nvm/versions/node/v6.2.2/bin/node" "/Users/Admin/.nvm/versions/node/v6.2.2/bin/npm" "run" "development"
9 error node v6.2.2
10 error npm  v3.9.5
11 error path /Users/Admin/package.json
12 error code ENOENT
13 error errno -2
14 error syscall open
15 error enoent ENOENT: no such file or directory, open '/Users/Admin/package.json'
16 error enoent ENOENT: no such file or directory, open '/Users/Admin/package.json'
16 error enoent This is most likely not a problem with npm itself
16 error enoent and is related to npm not being able to find a file.
17 verbose exit [ -2, true ]
